<?xml version="1.0" encoding="UTF-8"?>
<!-- Generated by org.testng.reporters.JUnitReportReporter -->
<testsuite hostname="ZCOCLMH101674-KarenDuque" failures="0" tests="1" name="AndroidRunnerTest" time="26.992" errors="0" timestamp="2023-01-31T09:34:21 COT" skipped="0">
  <testcase classname="AndroidRunnerTest" name="runScenario" time="26.992"/>
  <system-out/>
</testsuite> <!-- AndroidRunnerTest -->
