<?xml version="1.0" encoding="UTF-8"?>
<!-- Generated by org.testng.reporters.JUnitReportReporter -->
<testsuite hostname="ZCOCLMH101674-KarenDuque" failures="0" tests="2" name="AndroidRunnerTest" time="30.849" errors="0" timestamp="2023-01-31T05:54:36 COT" skipped="0">
  <testcase classname="AndroidRunnerTest" name="runScenario" time="18.002"/>
  <system-out/>
  <testcase classname="AndroidRunnerTest" name="runScenario" time="12.847"/>
  <system-out/>
</testsuite> <!-- AndroidRunnerTest -->
